2024-06-12 10:36:35,461 - ./pdf_text_extraction_logs - INFO : 
 lawsPagesRanges : [] 

2024-06-12 10:36:35,541 - ./pdf_text_extraction_logs - INFO : 
 lawsPagesRanges : [] 

2024-06-12 10:36:35,620 - ./pdf_text_extraction_logs - INFO : 
 lawsPagesRanges : [] 

2024-06-12 10:36:35,698 - ./pdf_text_extraction_logs - INFO : 
 lawsPagesRanges : [] 

2024-06-12 10:36:35,771 - ./pdf_text_extraction_logs - INFO : 
 lawsPagesRanges : [] 

2024-06-12 10:36:35,840 - ./pdf_text_extraction_logs - INFO : 
 lawsPagesRanges : [{'id': 116078, 'pages': [4]}, {'id': 116079, 'pages': [5]}, {'id': 116080, 'pages': [6]}, {'id': 116081, 'pages': [6]}, {'id': 116082, 'pages': [7]}, {'id': 116083, 'pages': [8, 9]}, {'id': 116086, 'pages': [10]}, {'id': 116087, 'pages': [11]}, {'id': 116088, 'pages': [12, 13, 14]}, {'id': 116089, 'pages': [15]}, {'id': 116090, 'pages': [16]}, {'id': 116091, 'pages': [16]}, {'id': 116092, 'pages': [16]}, {'id': 116093, 'pages': [17]}, {'id': 116094, 'pages': [18]}] 

2024-06-12 10:36:36,076 - ./pdf_text_extraction_logs - INFO : 
 lawsPagesRanges : [{'id': 116095, 'pages': [3, 4, 5, 6, 7, 8]}, {'id': 116096, 'pages': [9, 10, 11, 12, 13, 14, 15]}, {'id': 116097, 'pages': [16, 17, 18]}, {'id': 116098, 'pages': [19]}, {'id': 116099, 'pages': [20]}, {'id': 116100, 'pages': [21, 22]}, {'id': 116103, 'pages': [23, 24, 25]}, {'id': 116104, 'pages': [26]}, {'id': 116105, 'pages': [26]}, {'id': 116106, 'pages': [27]}, {'id': 116107, 'pages': [28]}, {'id': 116108, 'pages': [29, 30]}, {'id': 116109, 'pages': [31]}] 

2024-06-12 10:36:36,297 - ./pdf_text_extraction_logs - INFO : 
 lawsPagesRanges : [{'id': 116045, 'pages': [4, 5]}, {'id': 116047, 'pages': [6]}, {'id': 116046, 'pages': [6]}, {'id': 116048, 'pages': [7]}, {'id': 116049, 'pages': [8, 9, 10]}, {'id': 116059, 'pages': [11, 12]}, {'id': 116060, 'pages': [13, 14, 15, 16]}, {'id': 116061, 'pages': [17, 18, 19]}, {'id': 116062, 'pages': [20]}, {'id': 116063, 'pages': [21, 22, 23, 24, 25]}, {'id': 116064, 'pages': [26]}] 

2024-06-12 10:36:36,442 - ./pdf_text_extraction_logs - INFO : 
 lawsPagesRanges : [{'id': 116065, 'pages': [3, 4]}, {'id': 116066, 'pages': [5, 6, 7, 8, 9, 10, 11, 12, 13, 14, 15]}, {'id': 116069, 'pages': [16]}, {'id': 116070, 'pages': [16, 17]}, {'id': 116071, 'pages': [18]}, {'id': 116072, 'pages': [19]}, {'id': 116073, 'pages': [20, 21, 22, 23]}, {'id': 116074, 'pages': [24]}, {'id': 116075, 'pages': [25, 26]}, {'id': 116076, 'pages': [27]}, {'id': 116077, 'pages': [28]}] 

2024-06-12 10:36:36,615 - ./pdf_text_extraction_logs - INFO : 
 lawsPagesRanges : [{'id': 115984, 'pages': [5, 6, 7, 8, 9]}, {'id': 115985, 'pages': [10, 11]}, {'id': 115986, 'pages': [12]}, {'id': 115987, 'pages': [13]}, {'id': 115988, 'pages': [13, 14]}, {'id': 115989, 'pages': [15, 16, 17, 18, 19, 20, 21, 22]}, {'id': 116021, 'pages': [23, 24, 25, 26]}, {'id': 116022, 'pages': [27, 28, 29, 30, 31, 32]}, {'id': 116024, 'pages': [33]}, {'id': 116023, 'pages': [33]}, {'id': 116025, 'pages': [34]}, {'id': 116026, 'pages': [34]}, {'id': 116027, 'pages': [35]}, {'id': 116028, 'pages': [35]}, {'id': 116029, 'pages': [35]}] 

2024-06-12 10:36:36,836 - ./pdf_text_extraction_logs - INFO : 
 lawsPagesRanges : [{'id': 115919, 'pages': [4]}, {'id': 115918, 'pages': [4, 5, 6, 7, 8, 9, 10, 11, 12, 13, 14, 15, 16, 17, 18]}, {'id': 115920, 'pages': [19, 20]}, {'id': 115921, 'pages': [21, 22, 23, 24, 25, 26, 27, 28]}, {'id': 115943, 'pages': [29]}, {'id': 115944, 'pages': [30]}, {'id': 115945, 'pages': [31]}, {'id': 115946, 'pages': [31]}] 

2024-06-12 10:36:37,018 - ./pdf_text_extraction_logs - INFO : 
 lawsPagesRanges : [{'id': 115745, 'pages': [4]}, {'id': 115746, 'pages': [4]}, {'id': 115747, 'pages': [5, 6, 7, 8]}, {'id': 115748, 'pages': [9]}, {'id': 115749, 'pages': [10, 11, 12, 13, 14, 15, 16, 17, 18, 19, 20]}, {'id': 115766, 'pages': [21]}, {'id': 115768, 'pages': [22]}, {'id': 115767, 'pages': [22]}, {'id': 115769, 'pages': [23]}, {'id': 115771, 'pages': [24]}, {'id': 115770, 'pages': [24]}] 

2024-06-12 10:36:37,160 - ./pdf_text_extraction_logs - INFO : 
 lawsPagesRanges : [{'id': 115772, 'pages': [4]}, {'id': 115773, 'pages': [4]}, {'id': 115774, 'pages': [5]}, {'id': 115775, 'pages': [6, 7]}, {'id': 115777, 'pages': [8]}, {'id': 115776, 'pages': [8]}, {'id': 115778, 'pages': [9]}, {'id': 115780, 'pages': [10]}, {'id': 115779, 'pages': [10, 11, 12, 13]}, {'id': 115800, 'pages': [14]}, {'id': 115801, 'pages': [15]}, {'id': 115802, 'pages': [16, 17, 18, 19, 20, 21, 22, 23, 24, 25]}, {'id': 115803, 'pages': [26, 27, 28]}, {'id': 115804, 'pages': [29]}, {'id': 115806, 'pages': [30]}, {'id': 115805, 'pages': [30]}] 

2024-06-12 10:36:37,333 - ./pdf_text_extraction_logs - INFO : 
 lawsPagesRanges : [{'id': 115634, 'pages': [5, 6]}, {'id': 115635, 'pages': [7, 8]}, {'id': 115636, 'pages': [9, 10]}, {'id': 115637, 'pages': [11]}, {'id': 115638, 'pages': [12, 13, 14, 15, 16, 17, 18, 19, 20, 21, 22, 23]}, {'id': 115687, 'pages': [24, 25, 26]}, {'id': 115688, 'pages': [27, 28, 29, 30]}, {'id': 115689, 'pages': [31, 32, 33, 34, 35]}, {'id': 115690, 'pages': [36, 37, 38, 39, 40, 41]}, {'id': 115691, 'pages': [42, 43, 44]}, {'id': 115692, 'pages': [45]}, {'id': 115693, 'pages': [46]}] 

2024-06-12 10:36:37,562 - ./pdf_text_extraction_logs - INFO : 
 lawsPagesRanges : [{'id': 115532, 'pages': [6]}, {'id': 115533, 'pages': [7]}, {'id': 115534, 'pages': [8]}, {'id': 115535, 'pages': [9, 10]}, {'id': 115536, 'pages': [11, 12]}, {'id': 115537, 'pages': [13, 14]}, {'id': 115538, 'pages': [15, 16]}, {'id': 115539, 'pages': [17, 18]}, {'id': 115540, 'pages': [19, 20, 21, 22]}, {'id': 115541, 'pages': [23, 24]}, {'id': 115542, 'pages': [25, 26, 27]}, {'id': 115543, 'pages': [28, 29, 30]}, {'id': 115544, 'pages': [31, 32]}, {'id': 115545, 'pages': [33, 34]}, {'id': 115546, 'pages': [35, 36]}, {'id': 115547, 'pages': [37, 38, 39]}, {'id': 115548, 'pages': [40, 41]}, {'id': 115549, 'pages': [42, 43]}, {'id': 115550, 'pages': [44, 45]}, {'id': 115551, 'pages': [46, 47]}, {'id': 115552, 'pages': [48, 49, 50]}, {'id': 115553, 'pages': [51, 52]}, {'id': 115554, 'pages': [53, 54]}, {'id': 115555, 'pages': [55, 56]}, {'id': 115556, 'pages': [57, 58]}, {'id': 115557, 'pages': [59, 60]}, {'id': 115558, 'pages': [61, 62]}, {'id': 115559, 'pages': [63, 64]}, {'id': 115560, 'pages': [65, 66]}, {'id': 115561, 'pages': [67, 68]}, {'id': 115562, 'pages': [69, 70]}, {'id': 115563, 'pages': [71, 72]}, {'id': 115564, 'pages': [73, 74]}, {'id': 115565, 'pages': [75, 76]}, {'id': 115566, 'pages': [77, 78]}, {'id': 115567, 'pages': [79, 80]}, {'id': 115568, 'pages': [81, 82]}, {'id': 115569, 'pages': [83, 84]}, {'id': 115570, 'pages': [85, 86]}, {'id': 115571, 'pages': [87, 88]}, {'id': 115572, 'pages': [89, 90]}, {'id': 115573, 'pages': [91, 92]}, {'id': 115574, 'pages': [93, 94]}, {'id': 115575, 'pages': [95, 96]}, {'id': 115576, 'pages': [97, 98]}, {'id': 115577, 'pages': [99, 100]}, {'id': 115578, 'pages': [101, 102]}, {'id': 115579, 'pages': [103]}] 

2024-06-12 10:36:37,971 - ./pdf_text_extraction_logs - INFO : 
 lawsPagesRanges : [{'id': 116030, 'pages': [4, 5, 6, 7, 8, 9, 10, 11, 12, 13, 14]}, {'id': 116031, 'pages': [15]}, {'id': 116033, 'pages': [16]}, {'id': 116032, 'pages': [16, 17, 18, 19, 20]}, {'id': 116034, 'pages': [21]}, {'id': 116035, 'pages': [22, 23, 24, 25, 26]}, {'id': 116036, 'pages': [27, 28]}, {'id': 116042, 'pages': [29]}, {'id': 116043, 'pages': [29]}, {'id': 116044, 'pages': [30]}] 

2024-06-12 10:36:38,134 - ./pdf_text_extraction_logs - INFO : 
 lawsPagesRanges : [{'id': 115947, 'pages': [3, 4, 5, 6, 7, 8, 9, 10]}, {'id': 115948, 'pages': [11, 12, 13, 14, 15, 16]}, {'id': 115949, 'pages': [17]}, {'id': 115950, 'pages': [17]}, {'id': 115951, 'pages': [18]}, {'id': 115952, 'pages': [18, 19, 20, 21, 22, 23, 24]}, {'id': 115954, 'pages': [25]}, {'id': 115953, 'pages': [25]}, {'id': 115955, 'pages': [26]}, {'id': 115957, 'pages': [27]}, {'id': 115956, 'pages': [27]}, {'id': 115958, 'pages': [28]}] 

2024-06-12 10:36:38,291 - ./pdf_text_extraction_logs - INFO : 
 lawsPagesRanges : [{'id': 115959, 'pages': [4, 5, 6, 7, 8, 9]}, {'id': 115960, 'pages': [10, 11, 12]}, {'id': 115975, 'pages': [13, 14, 15, 16, 17]}, {'id': 115976, 'pages': [18, 19, 20]}, {'id': 115977, 'pages': [21]}, {'id': 115979, 'pages': [22]}, {'id': 115978, 'pages': [22]}, {'id': 115980, 'pages': [23]}, {'id': 115981, 'pages': [23]}, {'id': 115982, 'pages': [24, 25, 26, 27, 28, 29]}, {'id': 115983, 'pages': [30]}] 

2024-06-12 10:36:38,459 - ./pdf_text_extraction_logs - INFO : 
 lawsPagesRanges : [{'id': 115883, 'pages': [4, 5, 6]}, {'id': 115884, 'pages': [7]}, {'id': 115886, 'pages': [8]}, {'id': 115885, 'pages': [8]}, {'id': 115887, 'pages': [9]}, {'id': 115888, 'pages': [10]}, {'id': 115889, 'pages': [10, 11]}, {'id': 115890, 'pages': [12, 13, 14]}, {'id': 115891, 'pages': [15, 16]}, {'id': 115892, 'pages': [17, 18, 19, 20, 21]}, {'id': 115913, 'pages': [22, 23]}, {'id': 115914, 'pages': [24]}, {'id': 115915, 'pages': [25, 26, 27]}, {'id': 115916, 'pages': [28, 29]}, {'id': 115917, 'pages': [30]}] 

2024-06-12 10:36:38,622 - ./pdf_text_extraction_logs - INFO : 
 lawsPagesRanges : [{'id': 115834, 'pages': [5, 6]}, {'id': 115835, 'pages': [7, 8, 9, 10, 11, 12, 13, 14]}, {'id': 115873, 'pages': [15]}, {'id': 115874, 'pages': [16]}, {'id': 115875, 'pages': [17, 18, 19]}, {'id': 115876, 'pages': [20]}, {'id': 115877, 'pages': [21, 22, 23]}, {'id': 115878, 'pages': [24]}, {'id': 115879, 'pages': [24]}, {'id': 115880, 'pages': [25]}, {'id': 115881, 'pages': [26]}, {'id': 115882, 'pages': [27]}] 

2024-06-12 10:36:38,764 - ./pdf_text_extraction_logs - INFO : 
 lawsPagesRanges : [{'id': 115807, 'pages': [4]}, {'id': 115808, 'pages': [4]}, {'id': 115809, 'pages': [5, 6, 7, 8, 9, 10, 11]}, {'id': 115810, 'pages': [12]}, {'id': 115811, 'pages': [13, 14, 15]}, {'id': 115827, 'pages': [16]}, {'id': 115829, 'pages': [16]}, {'id': 115828, 'pages': [16]}, {'id': 115830, 'pages': [17]}, {'id': 115831, 'pages': [18, 19, 20, 21, 22, 23, 24, 25]}, {'id': 115832, 'pages': [26]}, {'id': 115833, 'pages': [26]}] 

2024-06-12 10:36:38,922 - ./pdf_text_extraction_logs - INFO : 
 lawsPagesRanges : [{'id': 115725, 'pages': [4]}, {'id': 115726, 'pages': [5]}, {'id': 115727, 'pages': [6]}, {'id': 115728, 'pages': [7, 8]}, {'id': 115738, 'pages': [9]}, {'id': 115740, 'pages': [9]}, {'id': 115739, 'pages': [9]}, {'id': 115741, 'pages': [10, 11, 12, 13, 14, 15, 16, 17, 18, 19, 20, 21, 22, 23, 24, 25]}, {'id': 115743, 'pages': [26]}, {'id': 115742, 'pages': [26]}, {'id': 115744, 'pages': [27]}] 

2024-06-12 10:36:39,080 - ./pdf_text_extraction_logs - INFO : 
 lawsPagesRanges : [{'id': 115694, 'pages': [4]}, {'id': 115695, 'pages': [4]}, {'id': 115696, 'pages': [5]}, {'id': 115697, 'pages': [6]}, {'id': 115698, 'pages': [7, 8]}, {'id': 115699, 'pages': [9, 10, 11, 12, 13, 14, 15, 16, 17, 18, 19]}, {'id': 115716, 'pages': [20]}, {'id': 115717, 'pages': [21]}, {'id': 115718, 'pages': [22]}, {'id': 115719, 'pages': [22]}, {'id': 115721, 'pages': [23]}, {'id': 115722, 'pages': [23]}, {'id': 115720, 'pages': [23]}, {'id': 115723, 'pages': [24]}, {'id': 115724, 'pages': [25]}] 

2024-06-12 10:36:39,222 - ./pdf_text_extraction_logs - INFO : 
 lawsPagesRanges : [{'id': 115581, 'pages': [5]}, {'id': 115582, 'pages': [6, 7, 8]}, {'id': 115583, 'pages': [9, 10]}, {'id': 115584, 'pages': [11, 12]}, {'id': 115585, 'pages': [13, 14]}, {'id': 115586, 'pages': [15]}, {'id': 115587, 'pages': [16, 17, 18, 19, 20, 21, 22, 23, 24]}, {'id': 115630, 'pages': [25, 26, 27, 28]}, {'id': 115631, 'pages': [29, 30]}, {'id': 115632, 'pages': [31]}, {'id': 115633, 'pages': [32]}] 

